**************************************
* COPY THE BACKUP FILES TO THE STANDBY 
**************************************

G:\SQLBackups\MSSQL13.SHAREPOINTPROD\AGInitialisation\DefaultPowerPivotServiceApplicationDB-923e7b9c-7bd0-4b2d-b9a3-4a0146ef77d3_backup_20181029_AGFULL.bak
G:\SQLBackups\MSSQL13.SHAREPOINTPROD\AGInitialisation\FIMSynchronizationService_backup_20181029_AGFULL.bak
G:\SQLBackups\MSSQL13.SHAREPOINTPROD\AGInitialisation\NW2016DB_Config_backup_20181029_AGFULL.bak
G:\SQLBackups\MSSQL13.SHAREPOINTPROD\AGInitialisation\NW2016DB_Content_backup_20181029_AGFULL.bak
G:\SQLBackups\MSSQL13.SHAREPOINTPROD\AGInitialisation\NW2016DB_Forms_backup_20181029_AGFULL.bak
G:\SQLBackups\MSSQL13.SHAREPOINTPROD\AGInitialisation\NW2016DB_Temp_backup_20181029_AGFULL.bak
G:\SQLBackups\MSSQL13.SHAREPOINTPROD\AGInitialisation\SP16PRD_App_Management_backup_20181029_AGFULL.bak
G:\SQLBackups\MSSQL13.SHAREPOINTPROD\AGInitialisation\SP16PRD_Config_backup_20181029_AGFULL.bak
G:\SQLBackups\MSSQL13.SHAREPOINTPROD\AGInitialisation\SP16PRD_Content_Applications_backup_20181029_AGFULL.bak
G:\SQLBackups\MSSQL13.SHAREPOINTPROD\AGInitialisation\SP16PRD_Content_BusinessRules_backup_20181029_AGFULL.bak
G:\SQLBackups\MSSQL13.SHAREPOINTPROD\AGInitialisation\SP16PRD_Content_CentralAdmin_backup_20181029_AGFULL.bak
G:\SQLBackups\MSSQL13.SHAREPOINTPROD\AGInitialisation\SP16PRD_Content_Community_00_backup_20181029_AGFULL.bak
G:\SQLBackups\MSSQL13.SHAREPOINTPROD\AGInitialisation\SP16PRD_Content_Community_01_backup_20181029_AGFULL.bak
G:\SQLBackups\MSSQL13.SHAREPOINTPROD\AGInitialisation\SP16PRD_Content_Community_02_backup_20181029_AGFULL.bak
G:\SQLBackups\MSSQL13.SHAREPOINTPROD\AGInitialisation\SP16PRD_Content_Community_03_backup_20181029_AGFULL.bak
G:\SQLBackups\MSSQL13.SHAREPOINTPROD\AGInitialisation\SP16PRD_Content_Community_04_backup_20181029_AGFULL.bak
G:\SQLBackups\MSSQL13.SHAREPOINTPROD\AGInitialisation\SP16PRD_Content_Community_05_backup_20181029_AGFULL.bak
G:\SQLBackups\MSSQL13.SHAREPOINTPROD\AGInitialisation\SP16PRD_Content_Community_backup_20181029_AGFULL.bak
G:\SQLBackups\MSSQL13.SHAREPOINTPROD\AGInitialisation\SP16PRD_Content_CorpLibrary_backup_20181029_AGFULL.bak
G:\SQLBackups\MSSQL13.SHAREPOINTPROD\AGInitialisation\SP16PRD_Content_CorpMediaLibrary_backup_20181029_AGFULL.bak
G:\SQLBackups\MSSQL13.SHAREPOINTPROD\AGInitialisation\SP16PRD_Content_DigitalWorkplace_backup_20181029_AGFULL.bak
G:\SQLBackups\MSSQL13.SHAREPOINTPROD\AGInitialisation\SP16PRD_Content_MyPulse_backup_20181029_AGFULL.bak
G:\SQLBackups\MSSQL13.SHAREPOINTPROD\AGInitialisation\SP16PRD_Content_Projects_backup_20181029_AGFULL.bak
G:\SQLBackups\MSSQL13.SHAREPOINTPROD\AGInitialisation\SP16PRD_Content_Search_backup_20181029_AGFULL.bak
G:\SQLBackups\MSSQL13.SHAREPOINTPROD\AGInitialisation\SP16PRD_MetaData_backup_20181029_AGFULL.bak
G:\SQLBackups\MSSQL13.SHAREPOINTPROD\AGInitialisation\SP16PRD_Profile_backup_20181029_AGFULL.bak
G:\SQLBackups\MSSQL13.SHAREPOINTPROD\AGInitialisation\SP16PRD_Search_AnalyticsReportingStore_backup_20181029_AGFULL.bak
G:\SQLBackups\MSSQL13.SHAREPOINTPROD\AGInitialisation\SP16PRD_Search_backup_20181029_AGFULL.bak
G:\SQLBackups\MSSQL13.SHAREPOINTPROD\AGInitialisation\SP16PRD_Search_CrawlStore_backup_20181029_AGFULL.bak
G:\SQLBackups\MSSQL13.SHAREPOINTPROD\AGInitialisation\SP16PRD_Search_LinksStore_backup_20181029_AGFULL.bak
G:\SQLBackups\MSSQL13.SHAREPOINTPROD\AGInitialisation\SP16PRD_SecureStore_backup_20181029_AGFULL.bak
G:\SQLBackups\MSSQL13.SHAREPOINTPROD\AGInitialisation\SP16PRD_Social_backup_20181029_AGFULL.bak
G:\SQLBackups\MSSQL13.SHAREPOINTPROD\AGInitialisation\SP16PRD_StateService_backup_20181029_AGFULL.bak
G:\SQLBackups\MSSQL13.SHAREPOINTPROD\AGInitialisation\SP16PRD_SubscriptionSettings_backup_20181029_AGFULL.bak
G:\SQLBackups\MSSQL13.SHAREPOINTPROD\AGInitialisation\SP16PRD_Sync_backup_20181029_AGFULL.bak
G:\SQLBackups\MSSQL13.SHAREPOINTPROD\AGInitialisation\SP16PRD_TranslationService_backup_20181029_AGFULL.bak
G:\SQLBackups\MSSQL13.SHAREPOINTPROD\AGInitialisation\SP16PRD_UsageAndHealth_backup_20181029_AGFULL.bak
G:\SQLBackups\MSSQL13.SHAREPOINTPROD\AGInitialisation\SP16PRD_UsageAndHealth_backup_20181029_AGFULLX.bak
G:\SQLBackups\MSSQL13.SHAREPOINTPROD\AGInitialisation\SP16PRD_WordAutomation_backup_20181029_AGFULL.bak
G:\SQLBackups\MSSQL13.SHAREPOINTPROD\AGInitialisation\tpcc_backup_20181029_AGFULL.bak
       40 file(s) copied.
G:\SQLBackups\MSSQL13.SHAREPOINTPROD\AGInitialisation\DefaultPowerPivotServiceApplicationDB-923e7b9c-7bd0-4b2d-b9a3-4a0146ef77d3_backup_20181029_AGTRAN.trn
G:\SQLBackups\MSSQL13.SHAREPOINTPROD\AGInitialisation\FIMSynchronizationService_backup_20181029_AGTRAN.trn
G:\SQLBackups\MSSQL13.SHAREPOINTPROD\AGInitialisation\NW2016DB_Config_backup_20181029_AGTRAN.trn
G:\SQLBackups\MSSQL13.SHAREPOINTPROD\AGInitialisation\NW2016DB_Content_backup_20181029_AGTRAN.trn
G:\SQLBackups\MSSQL13.SHAREPOINTPROD\AGInitialisation\NW2016DB_Forms_backup_20181029_AGTRAN.trn
G:\SQLBackups\MSSQL13.SHAREPOINTPROD\AGInitialisation\NW2016DB_Temp_backup_20181029_AGTRAN.trn
G:\SQLBackups\MSSQL13.SHAREPOINTPROD\AGInitialisation\SP16PRD_App_Management_backup_20181029_AGTRAN.trn
G:\SQLBackups\MSSQL13.SHAREPOINTPROD\AGInitialisation\SP16PRD_Config_backup_20181029_AGTRAN.trn
G:\SQLBackups\MSSQL13.SHAREPOINTPROD\AGInitialisation\SP16PRD_Content_Applications_backup_20181029_AGTRAN.trn
G:\SQLBackups\MSSQL13.SHAREPOINTPROD\AGInitialisation\SP16PRD_Content_BusinessRules_backup_20181029_AGTRAN.trn
G:\SQLBackups\MSSQL13.SHAREPOINTPROD\AGInitialisation\SP16PRD_Content_CentralAdmin_backup_20181029_AGTRAN.trn
G:\SQLBackups\MSSQL13.SHAREPOINTPROD\AGInitialisation\SP16PRD_Content_Community_00_backup_20181029_AGTRAN.trn
G:\SQLBackups\MSSQL13.SHAREPOINTPROD\AGInitialisation\SP16PRD_Content_Community_01_backup_20181029_AGTRAN.trn
G:\SQLBackups\MSSQL13.SHAREPOINTPROD\AGInitialisation\SP16PRD_Content_Community_02_backup_20181029_AGTRAN.trn
G:\SQLBackups\MSSQL13.SHAREPOINTPROD\AGInitialisation\SP16PRD_Content_Community_03_backup_20181029_AGTRAN.trn
G:\SQLBackups\MSSQL13.SHAREPOINTPROD\AGInitialisation\SP16PRD_Content_Community_04_backup_20181029_AGTRAN.trn
G:\SQLBackups\MSSQL13.SHAREPOINTPROD\AGInitialisation\SP16PRD_Content_Community_05_backup_20181029_AGTRAN.trn
G:\SQLBackups\MSSQL13.SHAREPOINTPROD\AGInitialisation\SP16PRD_Content_Community_backup_20181029_AGTRAN.trn
G:\SQLBackups\MSSQL13.SHAREPOINTPROD\AGInitialisation\SP16PRD_Content_CorpLibrary_backup_20181029_AGTRAN.trn
G:\SQLBackups\MSSQL13.SHAREPOINTPROD\AGInitialisation\SP16PRD_Content_CorpMediaLibrary_backup_20181029_AGTRAN.trn
G:\SQLBackups\MSSQL13.SHAREPOINTPROD\AGInitialisation\SP16PRD_Content_DigitalWorkplace_backup_20181029_AGTRAN.trn
G:\SQLBackups\MSSQL13.SHAREPOINTPROD\AGInitialisation\SP16PRD_Content_MyPulse_backup_20181029_AGTRAN.trn
G:\SQLBackups\MSSQL13.SHAREPOINTPROD\AGInitialisation\SP16PRD_Content_Projects_backup_20181029_AGTRAN.trn
G:\SQLBackups\MSSQL13.SHAREPOINTPROD\AGInitialisation\SP16PRD_Content_Search_backup_20181029_AGTRAN.trn
G:\SQLBackups\MSSQL13.SHAREPOINTPROD\AGInitialisation\SP16PRD_MetaData_backup_20181029_AGTRAN.trn
G:\SQLBackups\MSSQL13.SHAREPOINTPROD\AGInitialisation\SP16PRD_Profile_backup_20181029_AGTRAN.trn
G:\SQLBackups\MSSQL13.SHAREPOINTPROD\AGInitialisation\SP16PRD_Search_AnalyticsReportingStore_backup_20181029_AGTRAN.trn
G:\SQLBackups\MSSQL13.SHAREPOINTPROD\AGInitialisation\SP16PRD_Search_backup_20181029_AGTRAN.trn
G:\SQLBackups\MSSQL13.SHAREPOINTPROD\AGInitialisation\SP16PRD_Search_CrawlStore_backup_20181029_AGTRAN.trn
G:\SQLBackups\MSSQL13.SHAREPOINTPROD\AGInitialisation\SP16PRD_Search_LinksStore_backup_20181029_AGTRAN.trn
G:\SQLBackups\MSSQL13.SHAREPOINTPROD\AGInitialisation\SP16PRD_SecureStore_backup_20181029_AGTRAN.trn
G:\SQLBackups\MSSQL13.SHAREPOINTPROD\AGInitialisation\SP16PRD_Social_backup_20181029_AGTRAN.trn
G:\SQLBackups\MSSQL13.SHAREPOINTPROD\AGInitialisation\SP16PRD_StateService_backup_20181029_AGTRAN.trn
G:\SQLBackups\MSSQL13.SHAREPOINTPROD\AGInitialisation\SP16PRD_SubscriptionSettings_backup_20181029_AGTRAN.trn
G:\SQLBackups\MSSQL13.SHAREPOINTPROD\AGInitialisation\SP16PRD_Sync_backup_20181029_AGTRAN.trn
G:\SQLBackups\MSSQL13.SHAREPOINTPROD\AGInitialisation\SP16PRD_TranslationService_backup_20181029_AGTRAN.trn
G:\SQLBackups\MSSQL13.SHAREPOINTPROD\AGInitialisation\SP16PRD_UsageAndHealth_backup_20181029_AGTRAN.trn
G:\SQLBackups\MSSQL13.SHAREPOINTPROD\AGInitialisation\SP16PRD_WordAutomation_backup_20181029_AGTRAN.trn
G:\SQLBackups\MSSQL13.SHAREPOINTPROD\AGInitialisation\tpcc_backup_20181029_AGTRAN.trn
       39 file(s) copied.
