Changed database context to 'master'.
17 percent processed.
26 percent processed.
35 percent processed.
43 percent processed.
52 percent processed.
61 percent processed.
70 percent processed.
87 percent processed.
96 percent processed.
100 percent processed.
Processed 1456 pages for database 'DefaultPowerPivotServiceApplicationDB-923e7b9c-7bd0-4b2d-b9a3-4a0146ef77d3', file 'DefaultPowerPivotServiceApplicationDB-923e7b9c-7bd0-4b2d-b9a3-4a0146ef77d3' on file 1.
Processed 2 pages for database 'DefaultPowerPivotServiceApplicationDB-923e7b9c-7bd0-4b2d-b9a3-4a0146ef77d3', file 'DefaultPowerPivotServiceApplicationDB-923e7b9c-7bd0-4b2d-b9a3-4a0146ef77d3_log' on file 1.
RESTORE DATABASE successfully processed 1458 pages in 0.085 seconds (133.967 MB/sec).
100 percent processed.
Processed 0 pages for database 'DefaultPowerPivotServiceApplicationDB-923e7b9c-7bd0-4b2d-b9a3-4a0146ef77d3', file 'DefaultPowerPivotServiceApplicationDB-923e7b9c-7bd0-4b2d-b9a3-4a0146ef77d3' on file 1.
Processed 3 pages for database 'DefaultPowerPivotServiceApplicationDB-923e7b9c-7bd0-4b2d-b9a3-4a0146ef77d3', file 'DefaultPowerPivotServiceApplicationDB-923e7b9c-7bd0-4b2d-b9a3-4a0146ef77d3_log' on file 1.
RESTORE LOG successfully processed 3 pages in 0.004 seconds (4.150 MB/sec).
10 percent processed.
20 percent processed.
30 percent processed.
40 percent processed.
50 percent processed.
60 percent processed.
70 percent processed.
80 percent processed.
90 percent processed.
100 percent processed.
Processed 446600 pages for database 'FIMSynchronizationService', file 'FIMSynchronizationService' on file 1.
Processed 385 pages for database 'FIMSynchronizationService', file 'FIMSynchronizationService_log' on file 1.
RESTORE DATABASE successfully processed 446985 pages in 5.315 seconds (657.021 MB/sec).
37 percent processed.
75 percent processed.
100 percent processed.
Processed 0 pages for database 'FIMSynchronizationService', file 'FIMSynchronizationService' on file 1.
Processed 339 pages for database 'FIMSynchronizationService', file 'FIMSynchronizationService_log' on file 1.
RESTORE LOG successfully processed 339 pages in 0.013 seconds (203.387 MB/sec).
10 percent processed.
21 percent processed.
32 percent processed.
42 percent processed.
53 percent processed.
64 percent processed.
75 percent processed.
80 percent processed.
91 percent processed.
100 percent processed.
Processed 2376 pages for database 'NW2016DB_Config', file 'NW2013DB_Config' on file 1.
Processed 9 pages for database 'NW2016DB_Config', file 'NW2013DB_Config_log' on file 1.
RESTORE DATABASE successfully processed 2385 pages in 3.670 seconds (5.076 MB/sec).
100 percent processed.
Processed 0 pages for database 'NW2016DB_Config', file 'NW2013DB_Config' on file 1.
Processed 10 pages for database 'NW2016DB_Config', file 'NW2013DB_Config_log' on file 1.
RESTORE LOG successfully processed 10 pages in 0.003 seconds (23.925 MB/sec).
10 percent processed.
20 percent processed.
30 percent processed.
40 percent processed.
50 percent processed.
60 percent processed.
70 percent processed.
80 percent processed.
90 percent processed.
100 percent processed.
Processed 82624 pages for database 'NW2016DB_Content', file 'NW2013DB_Content' on file 1.
Processed 194 pages for database 'NW2016DB_Content', file 'NW2013DB_Content_log' on file 1.
RESTORE DATABASE successfully processed 82818 pages in 3.279 seconds (197.320 MB/sec).
65 percent processed.
100 percent processed.
Processed 0 pages for database 'NW2016DB_Content', file 'NW2013DB_Content' on file 1.
Processed 195 pages for database 'NW2016DB_Content', file 'NW2013DB_Content_log' on file 1.
RESTORE LOG successfully processed 195 pages in 0.009 seconds (168.619 MB/sec).
14 percent processed.
24 percent processed.
34 percent processed.
44 percent processed.
54 percent processed.
64 percent processed.
74 percent processed.
84 percent processed.
94 percent processed.
100 percent processed.
Processed 2576 pages for database 'NW2016DB_Forms', file 'NintexForms' on file 1.
Processed 2 pages for database 'NW2016DB_Forms', file 'NintexForms_log' on file 1.
RESTORE DATABASE successfully processed 2578 pages in 0.181 seconds (111.257 MB/sec).
100 percent processed.
Processed 0 pages for database 'NW2016DB_Forms', file 'NintexForms' on file 1.
Processed 3 pages for database 'NW2016DB_Forms', file 'NintexForms_log' on file 1.
RESTORE LOG successfully processed 3 pages in 0.002 seconds (8.300 MB/sec).
11 percent processed.
22 percent processed.
33 percent processed.
44 percent processed.
55 percent processed.
66 percent processed.
77 percent processed.
88 percent processed.
99 percent processed.
100 percent processed.
Processed 1152 pages for database 'NW2016DB_Temp', file 'NW2016DB_Temp' on file 1.
Processed 2 pages for database 'NW2016DB_Temp', file 'NW2016DB_Temp_log' on file 1.
RESTORE DATABASE successfully processed 1154 pages in 0.086 seconds (104.793 MB/sec).
100 percent processed.
Processed 0 pages for database 'NW2016DB_Temp', file 'NW2016DB_Temp' on file 1.
Processed 3 pages for database 'NW2016DB_Temp', file 'NW2016DB_Temp_log' on file 1.
RESTORE LOG successfully processed 3 pages in 0.002 seconds (8.056 MB/sec).
11 percent processed.
21 percent processed.
30 percent processed.
40 percent processed.
50 percent processed.
60 percent processed.
70 percent processed.
81 percent processed.
91 percent processed.
100 percent processed.
Processed 568 pages for database 'SP16PRD_App_Management', file 'SP16PRD_App_Management' on file 1.
Processed 3 pages for database 'SP16PRD_App_Management', file 'SP16PRD_App_Management_log' on file 1.
RESTORE DATABASE successfully processed 571 pages in 0.053 seconds (84.159 MB/sec).
100 percent processed.
Processed 0 pages for database 'SP16PRD_App_Management', file 'SP16PRD_App_Management' on file 1.
Processed 4 pages for database 'SP16PRD_App_Management', file 'SP16PRD_App_Management_log' on file 1.
RESTORE LOG successfully processed 4 pages in 0.002 seconds (11.962 MB/sec).
10 percent processed.
20 percent processed.
30 percent processed.
40 percent processed.
50 percent processed.
60 percent processed.
70 percent processed.
80 percent processed.
90 percent processed.
100 percent processed.
Processed 80328 pages for database 'SP16PRD_Config', file 'SP16PRD_Config' on file 1.
Processed 18907 pages for database 'SP16PRD_Config', file 'SP16PRD_Config_log' on file 1.
RESTORE DATABASE successfully processed 99235 pages in 1.517 seconds (511.052 MB/sec).
11 percent processed.
20 percent processed.
31 percent processed.
41 percent processed.
50 percent processed.
60 percent processed.
71 percent processed.
81 percent processed.
90 percent processed.
100 percent processed.
Processed 0 pages for database 'SP16PRD_Config', file 'SP16PRD_Config' on file 1.
Processed 7983 pages for database 'SP16PRD_Config', file 'SP16PRD_Config_log' on file 1.
RESTORE LOG successfully processed 7983 pages in 0.145 seconds (430.098 MB/sec).
10 percent processed.
20 percent processed.
30 percent processed.
40 percent processed.
50 percent processed.
60 percent processed.
70 percent processed.
80 percent processed.
90 percent processed.
100 percent processed.
Processed 663840 pages for database 'SP16PRD_Content_Applications', file 'SP16PRD_Content_Applications' on file 1.
Processed 1799 pages for database 'SP16PRD_Content_Applications', file 'SP16PRD_Content_Applications_log' on file 1.
RESTORE DATABASE successfully processed 665639 pages in 9.258 seconds (561.708 MB/sec).
13 percent processed.
20 percent processed.
34 percent processed.
40 percent processed.
54 percent processed.
61 percent processed.
70 percent processed.
80 percent processed.
95 percent processed.
100 percent processed.
Processed 0 pages for database 'SP16PRD_Content_Applications', file 'SP16PRD_Content_Applications' on file 1.
Processed 1799 pages for database 'SP16PRD_Content_Applications', file 'SP16PRD_Content_Applications_log' on file 1.
RESTORE LOG successfully processed 1799 pages in 0.073 seconds (192.496 MB/sec).
10 percent processed.
20 percent processed.
30 percent processed.
40 percent processed.
50 percent processed.
60 percent processed.
70 percent processed.
80 percent processed.
90 percent processed.
100 percent processed.
Processed 88264 pages for database 'SP16PRD_Content_BusinessRules', file 'SP16PRD_Content_BusinessRules' on file 1.
Processed 320 pages for database 'SP16PRD_Content_BusinessRules', file 'SP16PRD_Content_BusinessRules_log' on file 1.
RESTORE DATABASE successfully processed 88584 pages in 1.428 seconds (484.635 MB/sec).
39 percent processed.
42 percent processed.
82 percent processed.
100 percent processed.
Processed 0 pages for database 'SP16PRD_Content_BusinessRules', file 'SP16PRD_Content_BusinessRules' on file 1.
Processed 321 pages for database 'SP16PRD_Content_BusinessRules', file 'SP16PRD_Content_BusinessRules_log' on file 1.
RESTORE LOG successfully processed 321 pages in 0.013 seconds (192.457 MB/sec).
10 percent processed.
20 percent processed.
30 percent processed.
40 percent processed.
50 percent processed.
60 percent processed.
70 percent processed.
80 percent processed.
90 percent processed.
100 percent processed.
Processed 65552 pages for database 'SP16PRD_Content_CentralAdmin', file 'SP16PRD_Content_CentralAdmin' on file 1.
Processed 681 pages for database 'SP16PRD_Content_CentralAdmin', file 'SP16PRD_Content_CentralAdmin_log' on file 1.
RESTORE DATABASE successfully processed 66233 pages in 0.769 seconds (672.873 MB/sec).
37 percent processed.
68 percent processed.
100 percent processed.
Processed 0 pages for database 'SP16PRD_Content_CentralAdmin', file 'SP16PRD_Content_CentralAdmin' on file 1.
Processed 339 pages for database 'SP16PRD_Content_CentralAdmin', file 'SP16PRD_Content_CentralAdmin_log' on file 1.
RESTORE LOG successfully processed 339 pages in 0.013 seconds (203.650 MB/sec).
10 percent processed.
20 percent processed.
30 percent processed.
40 percent processed.
50 percent processed.
60 percent processed.
70 percent processed.
80 percent processed.
90 percent processed.
100 percent processed.
Processed 345184 pages for database 'SP16PRD_Content_Community', file 'SP16PRD_Content_Community' on file 1.
Processed 393 pages for database 'SP16PRD_Content_Community', file 'SP16PRD_Content_Community_log' on file 1.
RESTORE DATABASE successfully processed 345577 pages in 5.952 seconds (453.598 MB/sec).
32 percent processed.
65 percent processed.
97 percent processed.
100 percent processed.
Processed 0 pages for database 'SP16PRD_Content_Community', file 'SP16PRD_Content_Community' on file 1.
Processed 394 pages for database 'SP16PRD_Content_Community', file 'SP16PRD_Content_Community_log' on file 1.
RESTORE LOG successfully processed 394 pages in 0.012 seconds (255.940 MB/sec).
10 percent processed.
20 percent processed.
30 percent processed.
40 percent processed.
50 percent processed.
60 percent processed.
70 percent processed.
80 percent processed.
90 percent processed.
100 percent processed.
Processed 4151200 pages for database 'SP16PRD_Content_Community_00', file 'SP16PRD_Content_Community_00' on file 1.
Processed 10798 pages for database 'SP16PRD_Content_Community_00', file 'SP16PRD_Content_Community_00_log' on file 1.
RESTORE DATABASE successfully processed 4161998 pages in 57.874 seconds (561.834 MB/sec).
10 percent processed.
20 percent processed.
30 percent processed.
40 percent processed.
50 percent processed.
61 percent processed.
70 percent processed.
80 percent processed.
90 percent processed.
100 percent processed.
Processed 0 pages for database 'SP16PRD_Content_Community_00', file 'SP16PRD_Content_Community_00' on file 1.
Processed 10799 pages for database 'SP16PRD_Content_Community_00', file 'SP16PRD_Content_Community_00_log' on file 1.
RESTORE LOG successfully processed 10799 pages in 0.251 seconds (336.108 MB/sec).
10 percent processed.
20 percent processed.
30 percent processed.
40 percent processed.
50 percent processed.
60 percent processed.
70 percent processed.
80 percent processed.
90 percent processed.
100 percent processed.
Processed 277288 pages for database 'SP16PRD_Content_Community_01', file 'SP16PRD_Content_Community_01' on file 1.
Processed 2335 pages for database 'SP16PRD_Content_Community_01', file 'SP16PRD_Content_Community_01_log' on file 1.
RESTORE DATABASE successfully processed 279623 pages in 4.744 seconds (460.486 MB/sec).
15 percent processed.
20 percent processed.
31 percent processed.
42 percent processed.
53 percent processed.
64 percent processed.
75 percent processed.
80 percent processed.
91 percent processed.
100 percent processed.
Processed 0 pages for database 'SP16PRD_Content_Community_01', file 'SP16PRD_Content_Community_01' on file 1.
Processed 2335 pages for database 'SP16PRD_Content_Community_01', file 'SP16PRD_Content_Community_01_log' on file 1.
RESTORE LOG successfully processed 2335 pages in 0.065 seconds (280.618 MB/sec).
10 percent processed.
20 percent processed.
30 percent processed.
40 percent processed.
50 percent processed.
60 percent processed.
70 percent processed.
80 percent processed.
90 percent processed.
100 percent processed.
Processed 227664 pages for database 'SP16PRD_Content_Community_02', file 'SP16PRD_Content_Community_02' on file 1.
Processed 340 pages for database 'SP16PRD_Content_Community_02', file 'SP16PRD_Content_Community_02_log' on file 1.
RESTORE DATABASE successfully processed 228004 pages in 4.331 seconds (411.285 MB/sec).
37 percent processed.
75 percent processed.
100 percent processed.
Processed 0 pages for database 'SP16PRD_Content_Community_02', file 'SP16PRD_Content_Community_02' on file 1.
Processed 341 pages for database 'SP16PRD_Content_Community_02', file 'SP16PRD_Content_Community_02_log' on file 1.
RESTORE LOG successfully processed 341 pages in 0.010 seconds (265.722 MB/sec).
10 percent processed.
20 percent processed.
30 percent processed.
40 percent processed.
50 percent processed.
60 percent processed.
70 percent processed.
80 percent processed.
90 percent processed.
100 percent processed.
Processed 1177128 pages for database 'SP16PRD_Content_Community_03', file 'SP16PRD_Content_Community_03' on file 1.
Processed 1114 pages for database 'SP16PRD_Content_Community_03', file 'SP16PRD_Content_Community_03_log' on file 1.
RESTORE DATABASE successfully processed 1178242 pages in 20.826 seconds (441.996 MB/sec).
11 percent processed.
22 percent processed.
33 percent processed.
44 percent processed.
56 percent processed.
66 percent processed.
78 percent processed.
89 percent processed.
100 percent processed.
Processed 0 pages for database 'SP16PRD_Content_Community_03', file 'SP16PRD_Content_Community_03' on file 1.
Processed 1114 pages for database 'SP16PRD_Content_Community_03', file 'SP16PRD_Content_Community_03_log' on file 1.
RESTORE LOG successfully processed 1114 pages in 0.073 seconds (119.207 MB/sec).
10 percent processed.
20 percent processed.
30 percent processed.
40 percent processed.
50 percent processed.
60 percent processed.
70 percent processed.
80 percent processed.
90 percent processed.
100 percent processed.
Processed 234952 pages for database 'SP16PRD_Content_Community_04', file 'SP16PRD_Content_Community_04' on file 1.
Processed 745 pages for database 'SP16PRD_Content_Community_04', file 'SP16PRD_Content_Community_04_log' on file 1.
RESTORE DATABASE successfully processed 235697 pages in 6.315 seconds (291.588 MB/sec).
17 percent processed.
34 percent processed.
51 percent processed.
68 percent processed.
85 percent processed.
100 percent processed.
Processed 0 pages for database 'SP16PRD_Content_Community_04', file 'SP16PRD_Content_Community_04' on file 1.
Processed 746 pages for database 'SP16PRD_Content_Community_04', file 'SP16PRD_Content_Community_04_log' on file 1.
RESTORE LOG successfully processed 746 pages in 0.175 seconds (33.264 MB/sec).
10 percent processed.
20 percent processed.
30 percent processed.
40 percent processed.
50 percent processed.
60 percent processed.
70 percent processed.
80 percent processed.
90 percent processed.
100 percent processed.
Processed 62208 pages for database 'SP16PRD_Content_Community_05', file 'SP16PRD_Content_Community_05' on file 1.
Processed 663 pages for database 'SP16PRD_Content_Community_05', file 'SP16PRD_Content_Community_05_log' on file 1.
RESTORE DATABASE successfully processed 62871 pages in 1.876 seconds (261.820 MB/sec).
19 percent processed.
24 percent processed.
43 percent processed.
62 percent processed.
82 percent processed.
100 percent processed.
Processed 0 pages for database 'SP16PRD_Content_Community_05', file 'SP16PRD_Content_Community_05' on file 1.
Processed 663 pages for database 'SP16PRD_Content_Community_05', file 'SP16PRD_Content_Community_05_log' on file 1.
RESTORE LOG successfully processed 663 pages in 0.022 seconds (235.440 MB/sec).
10 percent processed.
20 percent processed.
30 percent processed.
40 percent processed.
50 percent processed.
60 percent processed.
70 percent processed.
80 percent processed.
90 percent processed.
100 percent processed.
Processed 131008 pages for database 'SP16PRD_Content_CorpLibrary', file 'SP16PRD_Content_CorpLibrary' on file 1.
Processed 194 pages for database 'SP16PRD_Content_CorpLibrary', file 'SP16PRD_Content_CorpLibrary_log' on file 1.
RESTORE DATABASE successfully processed 131202 pages in 2.219 seconds (461.923 MB/sec).
66 percent processed.
100 percent processed.
Processed 0 pages for database 'SP16PRD_Content_CorpLibrary', file 'SP16PRD_Content_CorpLibrary' on file 1.
Processed 194 pages for database 'SP16PRD_Content_CorpLibrary', file 'SP16PRD_Content_CorpLibrary_log' on file 1.
RESTORE LOG successfully processed 194 pages in 0.009 seconds (168.077 MB/sec).
10 percent processed.
20 percent processed.
30 percent processed.
40 percent processed.
50 percent processed.
60 percent processed.
70 percent processed.
80 percent processed.
90 percent processed.
100 percent processed.
Processed 783800 pages for database 'SP16PRD_Content_CorpMediaLibrary', file 'SP16PRD_Content_CorpMediaLibrary' on file 1.
Processed 457 pages for database 'SP16PRD_Content_CorpMediaLibrary', file 'SP16PRD_Content_CorpMediaLibrary_log' on file 1.
RESTORE DATABASE successfully processed 784257 pages in 15.196 seconds (403.198 MB/sec).
27 percent processed.
55 percent processed.
83 percent processed.
96 percent processed.
100 percent processed.
Processed 0 pages for database 'SP16PRD_Content_CorpMediaLibrary', file 'SP16PRD_Content_CorpMediaLibrary' on file 1.
Processed 458 pages for database 'SP16PRD_Content_CorpMediaLibrary', file 'SP16PRD_Content_CorpMediaLibrary_log' on file 1.
RESTORE LOG successfully processed 458 pages in 0.013 seconds (274.939 MB/sec).
10 percent processed.
20 percent processed.
30 percent processed.
40 percent processed.
50 percent processed.
60 percent processed.
70 percent processed.
80 percent processed.
90 percent processed.
100 percent processed.
Processed 562800 pages for database 'SP16PRD_Content_DigitalWorkplace', file 'SP16PRD_Content_DigitalWorkplace' on file 1.
Processed 1423 pages for database 'SP16PRD_Content_DigitalWorkplace', file 'SP16PRD_Content_DigitalWorkplace_log' on file 1.
RESTORE DATABASE successfully processed 564223 pages in 10.533 seconds (418.493 MB/sec).
15 percent processed.
24 percent processed.
33 percent processed.
42 percent processed.
51 percent processed.
60 percent processed.
78 percent processed.
87 percent processed.
96 percent processed.
100 percent processed.
Processed 0 pages for database 'SP16PRD_Content_DigitalWorkplace', file 'SP16PRD_Content_DigitalWorkplace' on file 1.
Processed 1423 pages for database 'SP16PRD_Content_DigitalWorkplace', file 'SP16PRD_Content_DigitalWorkplace_log' on file 1.
RESTORE LOG successfully processed 1423 pages in 0.041 seconds (271.150 MB/sec).
10 percent processed.
20 percent processed.
30 percent processed.
40 percent processed.
50 percent processed.
60 percent processed.
70 percent processed.
80 percent processed.
90 percent processed.
100 percent processed.
Processed 1763344 pages for database 'SP16PRD_Content_MyPulse', file 'SP16PRD_Content_MyPulse' on file 1.
Processed 27205 pages for database 'SP16PRD_Content_MyPulse', file 'SP16PRD_Content_MyPulse_log' on file 1.
RESTORE DATABASE successfully processed 1790549 pages in 28.716 seconds (487.138 MB/sec).
10 percent processed.
20 percent processed.
30 percent processed.
40 percent processed.
50 percent processed.
60 percent processed.
70 percent processed.
80 percent processed.
90 percent processed.
100 percent processed.
Processed 0 pages for database 'SP16PRD_Content_MyPulse', file 'SP16PRD_Content_MyPulse' on file 1.
Processed 27206 pages for database 'SP16PRD_Content_MyPulse', file 'SP16PRD_Content_MyPulse_log' on file 1.
RESTORE LOG successfully processed 27206 pages in 0.478 seconds (444.645 MB/sec).
10 percent processed.
20 percent processed.
30 percent processed.
40 percent processed.
50 percent processed.
60 percent processed.
70 percent processed.
80 percent processed.
90 percent processed.
100 percent processed.
Processed 1232136 pages for database 'SP16PRD_Content_Projects', file 'DWPSP13_DW_Projects' on file 1.
Processed 635 pages for database 'SP16PRD_Content_Projects', file 'DWPSP13_DW_Projects_log' on file 1.
RESTORE DATABASE successfully processed 1232771 pages in 21.978 seconds (438.211 MB/sec).
20 percent processed.
40 percent processed.
60 percent processed.
80 percent processed.
100 percent processed.
Processed 0 pages for database 'SP16PRD_Content_Projects', file 'DWPSP13_DW_Projects' on file 1.
Processed 635 pages for database 'SP16PRD_Content_Projects', file 'DWPSP13_DW_Projects_log' on file 1.
RESTORE LOG successfully processed 635 pages in 0.021 seconds (236.095 MB/sec).
10 percent processed.
20 percent processed.
30 percent processed.
40 percent processed.
50 percent processed.
60 percent processed.
70 percent processed.
80 percent processed.
90 percent processed.
100 percent processed.
Processed 14032 pages for database 'SP16PRD_Content_Search', file 'SP16PRD_Content_Search' on file 1.
Processed 294 pages for database 'SP16PRD_Content_Search', file 'SP16PRD_Content_Search_log' on file 1.
RESTORE DATABASE successfully processed 14326 pages in 0.301 seconds (371.817 MB/sec).
100 percent processed.
Processed 0 pages for database 'SP16PRD_Content_Search', file 'SP16PRD_Content_Search' on file 1.
Processed 94 pages for database 'SP16PRD_Content_Search', file 'SP16PRD_Content_Search_log' on file 1.
RESTORE LOG successfully processed 94 pages in 0.007 seconds (104.003 MB/sec).
12 percent processed.
20 percent processed.
33 percent processed.
41 percent processed.
50 percent processed.
62 percent processed.
71 percent processed.
83 percent processed.
92 percent processed.
100 percent processed.
Processed 3040 pages for database 'SP16PRD_MetaData', file 'SP13PROD_MetaData' on file 1.
Processed 9 pages for database 'SP16PRD_MetaData', file 'SP13PROD_MetaData_log' on file 1.
RESTORE DATABASE successfully processed 3049 pages in 0.160 seconds (148.852 MB/sec).
100 percent processed.
Processed 0 pages for database 'SP16PRD_MetaData', file 'SP13PROD_MetaData' on file 1.
Processed 9 pages for database 'SP16PRD_MetaData', file 'SP13PROD_MetaData_log' on file 1.
RESTORE LOG successfully processed 9 pages in 0.003 seconds (23.437 MB/sec).
10 percent processed.
20 percent processed.
30 percent processed.
40 percent processed.
50 percent processed.
60 percent processed.
70 percent processed.
80 percent processed.
90 percent processed.
100 percent processed.
Processed 12584 pages for database 'SP16PRD_Profile', file 'SP13PROD_Profile' on file 1.
Processed 638 pages for database 'SP16PRD_Profile', file 'SP13PROD_Profile_log' on file 1.
RESTORE DATABASE successfully processed 13222 pages in 0.531 seconds (194.520 MB/sec).
20 percent processed.
40 percent processed.
60 percent processed.
80 percent processed.
100 percent processed.
Processed 0 pages for database 'SP16PRD_Profile', file 'SP13PROD_Profile' on file 1.
Processed 638 pages for database 'SP16PRD_Profile', file 'SP13PROD_Profile_log' on file 1.
RESTORE LOG successfully processed 638 pages in 0.034 seconds (146.527 MB/sec).
10 percent processed.
21 percent processed.
30 percent processed.
40 percent processed.
50 percent processed.
60 percent processed.
71 percent processed.
80 percent processed.
91 percent processed.
100 percent processed.
Processed 9232 pages for database 'SP16PRD_Search', file 'SP16PRD_Search' on file 1.
Processed 461 pages for database 'SP16PRD_Search', file 'SP16PRD_Search_log' on file 1.
RESTORE DATABASE successfully processed 9693 pages in 0.269 seconds (281.500 MB/sec).
100 percent processed.
Processed 0 pages for database 'SP16PRD_Search', file 'SP16PRD_Search' on file 1.
Processed 74 pages for database 'SP16PRD_Search', file 'SP16PRD_Search_log' on file 1.
RESTORE LOG successfully processed 74 pages in 0.006 seconds (95.377 MB/sec).
11 percent processed.
21 percent processed.
31 percent processed.
40 percent processed.
50 percent processed.
60 percent processed.
71 percent processed.
81 percent processed.
91 percent processed.
100 percent processed.
Processed 6584 pages for database 'SP16PRD_Search_AnalyticsReportingStore', file 'SP16PRD_Search_AnalyticsReportingStore' on file 1.
Processed 17 pages for database 'SP16PRD_Search_AnalyticsReportingStore', file 'SP16PRD_Search_AnalyticsReportingStore_log' on file 1.
RESTORE DATABASE successfully processed 6601 pages in 0.174 seconds (296.350 MB/sec).
100 percent processed.
Processed 0 pages for database 'SP16PRD_Search_AnalyticsReportingStore', file 'SP16PRD_Search_AnalyticsReportingStore' on file 1.
Processed 17 pages for database 'SP16PRD_Search_AnalyticsReportingStore', file 'SP16PRD_Search_AnalyticsReportingStore_log' on file 1.
RESTORE LOG successfully processed 17 pages in 0.003 seconds (43.945 MB/sec).
10 percent processed.
20 percent processed.
30 percent processed.
40 percent processed.
50 percent processed.
60 percent processed.
70 percent processed.
80 percent processed.
90 percent processed.
100 percent processed.
Processed 93400 pages for database 'SP16PRD_Search_CrawlStore', file 'SP16PRD_Search_CrawlStore' on file 1.
Processed 82285 pages for database 'SP16PRD_Search_CrawlStore', file 'SP16PRD_Search_CrawlStore_log' on file 1.
RESTORE DATABASE successfully processed 175685 pages in 12.044 seconds (113.960 MB/sec).
10 percent processed.
20 percent processed.
30 percent processed.
40 percent processed.
50 percent processed.
60 percent processed.
70 percent processed.
80 percent processed.
90 percent processed.
100 percent processed.
Processed 0 pages for database 'SP16PRD_Search_CrawlStore', file 'SP16PRD_Search_CrawlStore' on file 1.
Processed 82286 pages for database 'SP16PRD_Search_CrawlStore', file 'SP16PRD_Search_CrawlStore_log' on file 1.
RESTORE LOG successfully processed 82286 pages in 1.085 seconds (592.493 MB/sec).
10 percent processed.
20 percent processed.
30 percent processed.
40 percent processed.
50 percent processed.
60 percent processed.
70 percent processed.
80 percent processed.
90 percent processed.
100 percent processed.
Processed 125088 pages for database 'SP16PRD_Search_LinksStore', file 'SP16PRD_Search_LinksStore' on file 1.
Processed 3824 pages for database 'SP16PRD_Search_LinksStore', file 'SP16PRD_Search_LinksStore_log' on file 1.
RESTORE DATABASE successfully processed 128912 pages in 2.011 seconds (500.808 MB/sec).
10 percent processed.
20 percent processed.
30 percent processed.
40 percent processed.
50 percent processed.
60 percent processed.
70 percent processed.
80 percent processed.
90 percent processed.
100 percent processed.
Processed 0 pages for database 'SP16PRD_Search_LinksStore', file 'SP16PRD_Search_LinksStore' on file 1.
Processed 3825 pages for database 'SP16PRD_Search_LinksStore', file 'SP16PRD_Search_LinksStore_log' on file 1.
RESTORE LOG successfully processed 3825 pages in 0.145 seconds (206.064 MB/sec).
10 percent processed.
20 percent processed.
31 percent processed.
40 percent processed.
50 percent processed.
60 percent processed.
71 percent processed.
80 percent processed.
90 percent processed.
100 percent processed.
Processed 616 pages for database 'SP16PRD_SecureStore', file 'SP16PRD_SecureStore' on file 1.
Processed 2 pages for database 'SP16PRD_SecureStore', file 'SP16PRD_SecureStore_log' on file 1.
RESTORE DATABASE successfully processed 618 pages in 0.035 seconds (137.848 MB/sec).
100 percent processed.
Processed 0 pages for database 'SP16PRD_SecureStore', file 'SP16PRD_SecureStore' on file 1.
Processed 3 pages for database 'SP16PRD_SecureStore', file 'SP16PRD_SecureStore_log' on file 1.
RESTORE LOG successfully processed 3 pages in 0.002 seconds (8.056 MB/sec).
20 percent processed.
41 percent processed.
62 percent processed.
83 percent processed.
100 percent processed.
Processed 608 pages for database 'SP16PRD_Social', file 'SP13PROD_Social' on file 1.
Processed 2 pages for database 'SP16PRD_Social', file 'SP13PROD_Social_log' on file 1.
RESTORE DATABASE successfully processed 610 pages in 0.150 seconds (31.751 MB/sec).
100 percent processed.
Processed 0 pages for database 'SP16PRD_Social', file 'SP13PROD_Social' on file 1.
Processed 3 pages for database 'SP16PRD_Social', file 'SP13PROD_Social_log' on file 1.
RESTORE LOG successfully processed 3 pages in 0.002 seconds (8.300 MB/sec).
11 percent processed.
21 percent processed.
30 percent processed.
40 percent processed.
51 percent processed.
61 percent processed.
70 percent processed.
80 percent processed.
90 percent processed.
100 percent processed.
Processed 416 pages for database 'SP16PRD_StateService', file 'SP16PRD_StateService' on file 1.
Processed 2 pages for database 'SP16PRD_StateService', file 'SP16PRD_StateService_log' on file 1.
RESTORE DATABASE successfully processed 418 pages in 0.044 seconds (74.141 MB/sec).
100 percent processed.
Processed 0 pages for database 'SP16PRD_StateService', file 'SP16PRD_StateService' on file 1.
Processed 3 pages for database 'SP16PRD_StateService', file 'SP16PRD_StateService_log' on file 1.
RESTORE LOG successfully processed 3 pages in 0.002 seconds (8.056 MB/sec).
11 percent processed.
20 percent processed.
31 percent processed.
40 percent processed.
51 percent processed.
60 percent processed.
70 percent processed.
81 percent processed.
90 percent processed.
100 percent processed.
Processed 432 pages for database 'SP16PRD_SubscriptionSettings', file 'SP16PRD_SubscriptionSettings' on file 1.
Processed 2 pages for database 'SP16PRD_SubscriptionSettings', file 'SP16PRD_SubscriptionSettings_log' on file 1.
RESTORE DATABASE successfully processed 434 pages in 0.103 seconds (32.885 MB/sec).
100 percent processed.
Processed 0 pages for database 'SP16PRD_SubscriptionSettings', file 'SP16PRD_SubscriptionSettings' on file 1.
Processed 3 pages for database 'SP16PRD_SubscriptionSettings', file 'SP16PRD_SubscriptionSettings_log' on file 1.
RESTORE LOG successfully processed 3 pages in 0.002 seconds (8.300 MB/sec).
10 percent processed.
20 percent processed.
30 percent processed.
40 percent processed.
50 percent processed.
60 percent processed.
70 percent processed.
80 percent processed.
90 percent processed.
100 percent processed.
Processed 163160 pages for database 'SP16PRD_Sync', file 'SP13PROD_Sync' on file 1.
Processed 2 pages for database 'SP16PRD_Sync', file 'SP13PROD_Sync_log' on file 1.
RESTORE DATABASE successfully processed 163162 pages in 2.177 seconds (585.530 MB/sec).
100 percent processed.
Processed 0 pages for database 'SP16PRD_Sync', file 'SP13PROD_Sync' on file 1.
Processed 3 pages for database 'SP16PRD_Sync', file 'SP13PROD_Sync_log' on file 1.
RESTORE LOG successfully processed 3 pages in 0.003 seconds (5.533 MB/sec).
11 percent processed.
20 percent processed.
31 percent processed.
40 percent processed.
51 percent processed.
60 percent processed.
70 percent processed.
81 percent processed.
90 percent processed.
100 percent processed.
Processed 432 pages for database 'SP16PRD_TranslationService', file 'SP16PRD_TranslationService' on file 1.
Processed 2 pages for database 'SP16PRD_TranslationService', file 'SP16PRD_TranslationService_log' on file 1.
RESTORE DATABASE successfully processed 434 pages in 0.018 seconds (188.178 MB/sec).
100 percent processed.
Processed 0 pages for database 'SP16PRD_TranslationService', file 'SP16PRD_TranslationService' on file 1.
Processed 3 pages for database 'SP16PRD_TranslationService', file 'SP16PRD_TranslationService_log' on file 1.
RESTORE LOG successfully processed 3 pages in 0.004 seconds (4.150 MB/sec).
10 percent processed.
20 percent processed.
30 percent processed.
40 percent processed.
50 percent processed.
60 percent processed.
70 percent processed.
80 percent processed.
90 percent processed.
100 percent processed.
Processed 1566384 pages for database 'SP16PRD_UsageAndHealth', file 'SP16PRD_UsageAndHealth' on file 1.
Processed 7159 pages for database 'SP16PRD_UsageAndHealth', file 'SP16PRD_UsageAndHealth_log' on file 1.
RESTORE DATABASE successfully processed 1573543 pages in 16.614 seconds (739.936 MB/sec).
10 percent processed.
20 percent processed.
31 percent processed.
40 percent processed.
51 percent processed.
60 percent processed.
70 percent processed.
81 percent processed.
90 percent processed.
100 percent processed.
Processed 0 pages for database 'SP16PRD_UsageAndHealth', file 'SP16PRD_UsageAndHealth' on file 1.
Processed 7160 pages for database 'SP16PRD_UsageAndHealth', file 'SP16PRD_UsageAndHealth_log' on file 1.
RESTORE LOG successfully processed 7160 pages in 0.181 seconds (309.009 MB/sec).
10 percent processed.
21 percent processed.
30 percent processed.
40 percent processed.
51 percent processed.
60 percent processed.
71 percent processed.
80 percent processed.
90 percent processed.
100 percent processed.
Processed 448 pages for database 'SP16PRD_WordAutomation', file 'SP16PRD_WordAutomation' on file 1.
Processed 2 pages for database 'SP16PRD_WordAutomation', file 'SP16PRD_WordAutomation_log' on file 1.
RESTORE DATABASE successfully processed 450 pages in 0.025 seconds (140.507 MB/sec).
100 percent processed.
Processed 0 pages for database 'SP16PRD_WordAutomation', file 'SP16PRD_WordAutomation' on file 1.
Processed 3 pages for database 'SP16PRD_WordAutomation', file 'SP16PRD_WordAutomation_log' on file 1.
RESTORE LOG successfully processed 3 pages in 0.002 seconds (8.544 MB/sec).
10 percent processed.
20 percent processed.
30 percent processed.
40 percent processed.
50 percent processed.
60 percent processed.
70 percent processed.
80 percent processed.
90 percent processed.
100 percent processed.
Processed 95856 pages for database 'tpcc', file 'tpcc' on file 1.
Processed 2 pages for database 'tpcc', file 'tpcc_log' on file 1.
RESTORE DATABASE successfully processed 95858 pages in 4.498 seconds (166.493 MB/sec).
100 percent processed.
Processed 0 pages for database 'tpcc', file 'tpcc' on file 1.
Processed 3 pages for database 'tpcc', file 'tpcc_log' on file 1.
RESTORE LOG successfully processed 3 pages in 0.002 seconds (8.300 MB/sec).
